<?xml version="1.0" encoding="UTF-8"?>
<testng-results skipped="0" failed="0" ignored="0" total="1" passed="1">
  <reporter-output>
  </reporter-output>
  <suite name="Suite" duration-ms="6420" started-at="2017-05-31T19:58:43Z" finished-at="2017-05-31T19:58:49Z">
    <groups>
    </groups>
    <test name="Test" duration-ms="6420" started-at="2017-05-31T19:58:43Z" finished-at="2017-05-31T19:58:49Z">
      <class name="example.NewTest">
        <test-method status="PASS" signature="beforeTest()[pri:0, instance:example.NewTest@49993335]" name="beforeTest" is-config="true" duration-ms="6" started-at="2017-05-31T21:58:43Z" finished-at="2017-05-31T21:58:43Z">
          <reporter-output>
          </reporter-output>
        </test-method> <!-- beforeTest -->
        <test-method status="PASS" signature="f()[pri:0, instance:example.NewTest@49993335]" name="f" duration-ms="6402" started-at="2017-05-31T21:58:43Z" finished-at="2017-05-31T21:58:49Z">
          <reporter-output>
          </reporter-output>
        </test-method> <!-- f -->
        <test-method status="PASS" signature="afterTest()[pri:0, instance:example.NewTest@49993335]" name="afterTest" is-config="true" duration-ms="0" started-at="2017-05-31T21:58:49Z" finished-at="2017-05-31T21:58:49Z">
          <reporter-output>
          </reporter-output>
        </test-method> <!-- afterTest -->
      </class> <!-- example.NewTest -->
    </test> <!-- Test -->
  </suite> <!-- Suite -->
</testng-results>
