<?xml version="1.0" encoding="UTF-8"?>
<testng-results skipped="0" failed="0" ignored="0" total="1" passed="1">
  <reporter-output>
  </reporter-output>
  <suite name="Default suite" duration-ms="4824" started-at="2017-06-06T19:52:53Z" finished-at="2017-06-06T19:52:58Z">
    <groups>
    </groups>
    <test name="Default test" duration-ms="4824" started-at="2017-06-06T19:52:53Z" finished-at="2017-06-06T19:52:58Z">
      <class name="example.NewTest">
        <test-method status="PASS" signature="beforeTest()[pri:0, instance:example.NewTest@192b07fd]" name="beforeTest" is-config="true" duration-ms="6" started-at="2017-06-06T21:52:53Z" finished-at="2017-06-06T21:52:53Z">
          <reporter-output>
          </reporter-output>
        </test-method> <!-- beforeTest -->
        <test-method status="PASS" signature="f()[pri:0, instance:example.NewTest@192b07fd]" name="f" duration-ms="4805" started-at="2017-06-06T21:52:53Z" finished-at="2017-06-06T21:52:58Z">
          <reporter-output>
          </reporter-output>
        </test-method> <!-- f -->
        <test-method status="PASS" signature="afterTest()[pri:0, instance:example.NewTest@192b07fd]" name="afterTest" is-config="true" duration-ms="0" started-at="2017-06-06T21:52:58Z" finished-at="2017-06-06T21:52:58Z">
          <reporter-output>
          </reporter-output>
        </test-method> <!-- afterTest -->
      </class> <!-- example.NewTest -->
    </test> <!-- Default test -->
  </suite> <!-- Default suite -->
</testng-results>
